
 /----------------------------------------------------------------------------\
 |                                                                            |
 |  yosys -- Yosys Open SYnthesis Suite                                       |
 |                                                                            |
 |  Copyright (C) 2012 - 2020  Claire Xenia Wolf <claire@yosyshq.com>         |
 |                                                                            |
 |  Permission to use, copy, modify, and/or distribute this software for any  |
 |  purpose with or without fee is hereby granted, provided that the above    |
 |  copyright notice and this permission notice appear in all copies.         |
 |                                                                            |
 |  THE SOFTWARE IS PROVIDED "AS IS" AND THE AUTHOR DISCLAIMS ALL WARRANTIES  |
 |  WITH REGARD TO THIS SOFTWARE INCLUDING ALL IMPLIED WARRANTIES OF          |
 |  MERCHANTABILITY AND FITNESS. IN NO EVENT SHALL THE AUTHOR BE LIABLE FOR   |
 |  ANY SPECIAL, DIRECT, INDIRECT, OR CONSEQUENTIAL DAMAGES OR ANY DAMAGES    |
 |  WHATSOEVER RESULTING FROM LOSS OF USE, DATA OR PROFITS, WHETHER IN AN     |
 |  ACTION OF CONTRACT, NEGLIGENCE OR OTHER TORTIOUS ACTION, ARISING OUT OF   |
 |  OR IN CONNECTION WITH THE USE OR PERFORMANCE OF THIS SOFTWARE.            |
 |                                                                            |
 \----------------------------------------------------------------------------/

 Yosys 0.21+1 (git sha1 4fa4161aa, clang 10.0.0-4ubuntu1 -fPIC -Os)


-- Executing script file `design_smt2.ys' --

1. Executing RTLIL frontend.
Input filename: design_prep.il

2. Executing HIERARCHY pass (managing design hierarchy).

2.1. Analyzing design hierarchy..
Top module:  \eightbit_reg

2.2. Analyzing design hierarchy..
Top module:  \eightbit_reg
Removed 0 unused modules.
Module eightbit_reg directly or indirectly contains formal properties -> setting "keep" attribute.

3. Executing DFFUNMAP pass (unmap clock enable and synchronous reset from FFs).

4. Printing statistics.

=== eightbit_reg ===

   Number of wires:                 12
   Number of wire bits:             40
   Number of public wires:           8
   Number of public wire bits:      36
   Number of memories:               0
   Number of memory bits:            0
   Number of processes:              0
   Number of cells:                 10
     $anyinit                        3
     $anyseq                         1
     $assert                         1
     $eq                             1
     $ff                             2
     $mux                            2

5. Executing SMT2 backend.

5.1. Executing BMUXMAP pass.

5.2. Executing DEMUXMAP pass.
Creating SMT-LIBv2 representation of module eightbit_reg.

End of script. Logfile hash: 3d74052ea3, CPU: user 0.01s system 0.01s, MEM: 4.95 MB peak
Yosys 0.21+1 (git sha1 4fa4161aa, clang 10.0.0-4ubuntu1 -fPIC -Os)
Time spent: 55% 2x write_smt2 (0 sec), 24% 2x read_ilang (0 sec), ...
